{"level":"info","message":"Running on Node.js - Version 18.14.0","timestamp":"2024-01-08 05:22:18"}
{"level":"info","message":"Foundry Virtual Tabletop - Version 11 Build 315","timestamp":"2024-01-08 05:22:18"}
{"level":"info","message":"User Data Directory - \"C:/Users/U01_LEECHSEED/Desktop/LEECHSEED_GIT/leechseed2/leechseed2/MY FOUNDRY REPOSITORY\"","timestamp":"2024-01-08 05:22:18"}
{"code":"EPERM","errno":-4048,"level":"error","message":"A fatal error occurred while trying to start the Foundry Virtual Tabletop server: EPERM: operation not permitted, rmdir 'C:\\Users\\U01_LEECHSEED\\Desktop\\LEECHSEED_GIT\\leechseed2\\leechseed2\\MY FOUNDRY REPOSITORY\\Config\\options.json.lock'","path":"C:\\Users\\U01_LEECHSEED\\Desktop\\LEECHSEED_GIT\\leechseed2\\leechseed2\\MY FOUNDRY REPOSITORY\\Config\\options.json.lock","stack":"Error: A fatal error occurred while trying to start the Foundry Virtual Tabletop server: EPERM: operation not permitted, rmdir 'C:\\Users\\U01_LEECHSEED\\Desktop\\LEECHSEED_GIT\\leechseed2\\leechseed2\\MY FOUNDRY REPOSITORY\\Config\\options.json.lock'","syscall":"rmdir","timestamp":"2024-01-08 05:22:18"}
{"level":"info","message":"Running on Node.js - Version 18.14.0","timestamp":"2024-01-08 05:22:45"}
{"level":"info","message":"Foundry Virtual Tabletop - Version 11 Build 315","timestamp":"2024-01-08 05:22:45"}
{"level":"info","message":"User Data Directory - \"C:/Users/U01_LEECHSEED/Desktop/LEECHSEED_GIT/leechseed2/leechseed2/MY FOUNDRY REPOSITORY\"","timestamp":"2024-01-08 05:22:45"}
{"level":"error","message":"A fatal error occurred while trying to start the Foundry Virtual Tabletop server: Foundry VTT cannot start in this directory which is already locked by another process.","stack":"Error: A fatal error occurred while trying to start the Foundry Virtual Tabletop server: Foundry VTT cannot start in this directory which is already locked by another process.\n    at _acquireLockFile (file:///C:/Program%20Files/Foundry%20Virtual%20Tabletop/resources/app/dist/init.mjs:1:4977)\n    at async _initializeCriticalFunctions (file:///C:/Program%20Files/Foundry%20Virtual%20Tabletop/resources/app/dist/init.mjs:1:2593)\n    at async Module.initialize (file:///C:/Program%20Files/Foundry%20Virtual%20Tabletop/resources/app/dist/init.mjs:1:1564)","timestamp":"2024-01-08 05:22:45"}
{"level":"info","message":"Running on Node.js - Version 18.14.0","timestamp":"2024-01-08 05:23:29"}
{"level":"info","message":"Foundry Virtual Tabletop - Version 11 Build 315","timestamp":"2024-01-08 05:23:29"}
{"level":"info","message":"User Data Directory - \"C:/Users/U01_LEECHSEED/Desktop/LEECHSEED_GIT/leechseed2/leechseed2/MY FOUNDRY REPOSITORY\"","timestamp":"2024-01-08 05:23:29"}
{"code":"EPERM","errno":-4048,"level":"error","message":"A fatal error occurred while trying to start the Foundry Virtual Tabletop server: EPERM: operation not permitted, rmdir 'C:\\Users\\U01_LEECHSEED\\Desktop\\LEECHSEED_GIT\\leechseed2\\leechseed2\\MY FOUNDRY REPOSITORY\\Config\\options.json.lock'","path":"C:\\Users\\U01_LEECHSEED\\Desktop\\LEECHSEED_GIT\\leechseed2\\leechseed2\\MY FOUNDRY REPOSITORY\\Config\\options.json.lock","stack":"Error: A fatal error occurred while trying to start the Foundry Virtual Tabletop server: EPERM: operation not permitted, rmdir 'C:\\Users\\U01_LEECHSEED\\Desktop\\LEECHSEED_GIT\\leechseed2\\leechseed2\\MY FOUNDRY REPOSITORY\\Config\\options.json.lock'","syscall":"rmdir","timestamp":"2024-01-08 05:23:29"}
{"level":"info","message":"Running on Node.js - Version 18.14.0","timestamp":"2024-01-08 05:25:32"}
{"level":"info","message":"Foundry Virtual Tabletop - Version 11 Build 315","timestamp":"2024-01-08 05:25:32"}
{"level":"info","message":"User Data Directory - \"C:/Users/U01_LEECHSEED/Desktop/LEECHSEED_GIT/leechseed2/leechseed2/MY FOUNDRY REPOSITORY\"","timestamp":"2024-01-08 05:25:32"}
{"code":"EPERM","errno":-4048,"level":"error","message":"A fatal error occurred while trying to start the Foundry Virtual Tabletop server: EPERM: operation not permitted, rmdir 'C:\\Users\\U01_LEECHSEED\\Desktop\\LEECHSEED_GIT\\leechseed2\\leechseed2\\MY FOUNDRY REPOSITORY\\Config\\options.json.lock'","path":"C:\\Users\\U01_LEECHSEED\\Desktop\\LEECHSEED_GIT\\leechseed2\\leechseed2\\MY FOUNDRY REPOSITORY\\Config\\options.json.lock","stack":"Error: A fatal error occurred while trying to start the Foundry Virtual Tabletop server: EPERM: operation not permitted, rmdir 'C:\\Users\\U01_LEECHSEED\\Desktop\\LEECHSEED_GIT\\leechseed2\\leechseed2\\MY FOUNDRY REPOSITORY\\Config\\options.json.lock'","syscall":"rmdir","timestamp":"2024-01-08 05:25:32"}
{"level":"info","message":"Running on Node.js - Version 18.14.0","timestamp":"2024-01-08 05:26:10"}
{"level":"info","message":"Foundry Virtual Tabletop - Version 11 Build 315","timestamp":"2024-01-08 05:26:10"}
{"level":"info","message":"User Data Directory - \"C:/Users/U01_LEECHSEED/Desktop/LEECHSEED_GIT/leechseed2/leechseed2/MY FOUNDRY REPOSITORY\"","timestamp":"2024-01-08 05:26:10"}
{"code":"EPERM","errno":-4048,"level":"error","message":"A fatal error occurred while trying to start the Foundry Virtual Tabletop server: EPERM: operation not permitted, rmdir 'C:\\Users\\U01_LEECHSEED\\Desktop\\LEECHSEED_GIT\\leechseed2\\leechseed2\\MY FOUNDRY REPOSITORY\\Config\\options.json.lock'","path":"C:\\Users\\U01_LEECHSEED\\Desktop\\LEECHSEED_GIT\\leechseed2\\leechseed2\\MY FOUNDRY REPOSITORY\\Config\\options.json.lock","stack":"Error: A fatal error occurred while trying to start the Foundry Virtual Tabletop server: EPERM: operation not permitted, rmdir 'C:\\Users\\U01_LEECHSEED\\Desktop\\LEECHSEED_GIT\\leechseed2\\leechseed2\\MY FOUNDRY REPOSITORY\\Config\\options.json.lock'","syscall":"rmdir","timestamp":"2024-01-08 05:26:10"}
{"level":"info","message":"Running on Node.js - Version 18.14.0","timestamp":"2024-01-08 05:28:11"}
{"level":"info","message":"Foundry Virtual Tabletop - Version 11 Build 315","timestamp":"2024-01-08 05:28:11"}
{"level":"info","message":"User Data Directory - \"C:/Users/U01_LEECHSEED/Desktop/LEECHSEED_GIT/leechseed2/leechseed2/MY FOUNDRY REPOSITORY\"","timestamp":"2024-01-08 05:28:11"}
{"code":"EPERM","errno":-4048,"level":"error","message":"A fatal error occurred while trying to start the Foundry Virtual Tabletop server: EPERM: operation not permitted, rmdir 'C:\\Users\\U01_LEECHSEED\\Desktop\\LEECHSEED_GIT\\leechseed2\\leechseed2\\MY FOUNDRY REPOSITORY\\Config\\options.json.lock'","path":"C:\\Users\\U01_LEECHSEED\\Desktop\\LEECHSEED_GIT\\leechseed2\\leechseed2\\MY FOUNDRY REPOSITORY\\Config\\options.json.lock","stack":"Error: A fatal error occurred while trying to start the Foundry Virtual Tabletop server: EPERM: operation not permitted, rmdir 'C:\\Users\\U01_LEECHSEED\\Desktop\\LEECHSEED_GIT\\leechseed2\\leechseed2\\MY FOUNDRY REPOSITORY\\Config\\options.json.lock'","syscall":"rmdir","timestamp":"2024-01-08 05:28:11"}
{"level":"info","message":"Running on Node.js - Version 18.14.0","timestamp":"2024-01-08 05:32:53"}
{"level":"info","message":"Foundry Virtual Tabletop - Version 11 Build 315","timestamp":"2024-01-08 05:32:53"}
{"level":"info","message":"User Data Directory - \"C:/Users/U01_LEECHSEED/Desktop/LEECHSEED_GIT/leechseed2/leechseed2/MY FOUNDRY REPOSITORY\"","timestamp":"2024-01-08 05:32:53"}
{"code":"EPERM","errno":-4048,"level":"error","message":"A fatal error occurred while trying to start the Foundry Virtual Tabletop server: EPERM: operation not permitted, rmdir 'C:\\Users\\U01_LEECHSEED\\Desktop\\LEECHSEED_GIT\\leechseed2\\leechseed2\\MY FOUNDRY REPOSITORY\\Config\\options.json.lock'","path":"C:\\Users\\U01_LEECHSEED\\Desktop\\LEECHSEED_GIT\\leechseed2\\leechseed2\\MY FOUNDRY REPOSITORY\\Config\\options.json.lock","stack":"Error: A fatal error occurred while trying to start the Foundry Virtual Tabletop server: EPERM: operation not permitted, rmdir 'C:\\Users\\U01_LEECHSEED\\Desktop\\LEECHSEED_GIT\\leechseed2\\leechseed2\\MY FOUNDRY REPOSITORY\\Config\\options.json.lock'","syscall":"rmdir","timestamp":"2024-01-08 05:32:53"}
{"level":"info","message":"Running on Node.js - Version 18.14.0","timestamp":"2024-01-08 05:33:40"}
{"level":"info","message":"Foundry Virtual Tabletop - Version 11 Build 315","timestamp":"2024-01-08 05:33:40"}
{"level":"info","message":"User Data Directory - \"C:/Users/U01_LEECHSEED/Desktop/LEECHSEED_GIT/leechseed2/leechseed2/MY FOUNDRY REPOSITORY\"","timestamp":"2024-01-08 05:33:40"}
{"code":"EPERM","errno":-4048,"level":"error","message":"A fatal error occurred while trying to start the Foundry Virtual Tabletop server: EPERM: operation not permitted, rmdir 'C:\\Users\\U01_LEECHSEED\\Desktop\\LEECHSEED_GIT\\leechseed2\\leechseed2\\MY FOUNDRY REPOSITORY\\Config\\options.json.lock'","path":"C:\\Users\\U01_LEECHSEED\\Desktop\\LEECHSEED_GIT\\leechseed2\\leechseed2\\MY FOUNDRY REPOSITORY\\Config\\options.json.lock","stack":"Error: A fatal error occurred while trying to start the Foundry Virtual Tabletop server: EPERM: operation not permitted, rmdir 'C:\\Users\\U01_LEECHSEED\\Desktop\\LEECHSEED_GIT\\leechseed2\\leechseed2\\MY FOUNDRY REPOSITORY\\Config\\options.json.lock'","syscall":"rmdir","timestamp":"2024-01-08 05:33:40"}
{"level":"info","message":"Running on Node.js - Version 18.14.0","timestamp":"2024-01-08 05:39:55"}
{"level":"info","message":"Foundry Virtual Tabletop - Version 11 Build 315","timestamp":"2024-01-08 05:39:55"}
{"level":"info","message":"User Data Directory - \"C:/Users/U01_LEECHSEED/Desktop/LEECHSEED_GIT/leechseed2/leechseed2/MY FOUNDRY REPOSITORY\"","timestamp":"2024-01-08 05:39:55"}
{"code":"EPERM","errno":-4048,"level":"error","message":"A fatal error occurred while trying to start the Foundry Virtual Tabletop server: EPERM: operation not permitted, rmdir 'C:\\Users\\U01_LEECHSEED\\Desktop\\LEECHSEED_GIT\\leechseed2\\leechseed2\\MY FOUNDRY REPOSITORY\\Config\\options.json.lock'","path":"C:\\Users\\U01_LEECHSEED\\Desktop\\LEECHSEED_GIT\\leechseed2\\leechseed2\\MY FOUNDRY REPOSITORY\\Config\\options.json.lock","stack":"Error: A fatal error occurred while trying to start the Foundry Virtual Tabletop server: EPERM: operation not permitted, rmdir 'C:\\Users\\U01_LEECHSEED\\Desktop\\LEECHSEED_GIT\\leechseed2\\leechseed2\\MY FOUNDRY REPOSITORY\\Config\\options.json.lock'","syscall":"rmdir","timestamp":"2024-01-08 05:39:55"}
{"level":"info","message":"Running on Node.js - Version 18.14.0","timestamp":"2024-01-08 05:41:02"}
{"level":"info","message":"Foundry Virtual Tabletop - Version 11 Build 315","timestamp":"2024-01-08 05:41:02"}
{"level":"info","message":"User Data Directory - \"C:/Users/U01_LEECHSEED/Desktop/LEECHSEED_GIT/leechseed2/leechseed2/MY FOUNDRY REPOSITORY\"","timestamp":"2024-01-08 05:41:02"}
{"code":"EPERM","errno":-4048,"level":"error","message":"A fatal error occurred while trying to start the Foundry Virtual Tabletop server: EPERM: operation not permitted, rmdir 'C:\\Users\\U01_LEECHSEED\\Desktop\\LEECHSEED_GIT\\leechseed2\\leechseed2\\MY FOUNDRY REPOSITORY\\Config\\options.json.lock'","path":"C:\\Users\\U01_LEECHSEED\\Desktop\\LEECHSEED_GIT\\leechseed2\\leechseed2\\MY FOUNDRY REPOSITORY\\Config\\options.json.lock","stack":"Error: A fatal error occurred while trying to start the Foundry Virtual Tabletop server: EPERM: operation not permitted, rmdir 'C:\\Users\\U01_LEECHSEED\\Desktop\\LEECHSEED_GIT\\leechseed2\\leechseed2\\MY FOUNDRY REPOSITORY\\Config\\options.json.lock'","syscall":"rmdir","timestamp":"2024-01-08 05:41:02"}
{"level":"info","message":"Running on Node.js - Version 18.14.0","timestamp":"2024-01-08 05:41:16"}
{"level":"info","message":"Foundry Virtual Tabletop - Version 11 Build 315","timestamp":"2024-01-08 05:41:16"}
{"level":"info","message":"User Data Directory - \"C:/Users/U01_LEECHSEED/Desktop/LEECHSEED_GIT/leechseed2/leechseed2/MY FOUNDRY REPOSITORY\"","timestamp":"2024-01-08 05:41:16"}
{"code":"EPERM","errno":-4048,"level":"error","message":"A fatal error occurred while trying to start the Foundry Virtual Tabletop server: EPERM: operation not permitted, rmdir 'C:\\Users\\U01_LEECHSEED\\Desktop\\LEECHSEED_GIT\\leechseed2\\leechseed2\\MY FOUNDRY REPOSITORY\\Config\\options.json.lock'","path":"C:\\Users\\U01_LEECHSEED\\Desktop\\LEECHSEED_GIT\\leechseed2\\leechseed2\\MY FOUNDRY REPOSITORY\\Config\\options.json.lock","stack":"Error: A fatal error occurred while trying to start the Foundry Virtual Tabletop server: EPERM: operation not permitted, rmdir 'C:\\Users\\U01_LEECHSEED\\Desktop\\LEECHSEED_GIT\\leechseed2\\leechseed2\\MY FOUNDRY REPOSITORY\\Config\\options.json.lock'","syscall":"rmdir","timestamp":"2024-01-08 05:41:16"}
